<?xml version="1.0" encoding="UTF-8"?>
<!-- Generated by org.testng.reporters.JUnitReportReporter -->
<testsuite skipped="0" hostname="HIGURL71125" name="APITestCases.createUsers" tests="1" failures="0" timestamp="2020-07-07T15:25:01 IST" time="0.985" errors="0">
  <testcase name="postUser" time="0.985" classname="APITestCases.createUsers"/>
  <system-out/>
</testsuite> <!-- APITestCases.createUsers -->
