<?xml version="1.0" encoding="UTF-8"?>
<!-- Generated by org.testng.reporters.JUnitReportReporter -->
<testsuite skipped="0" hostname="HIGURL71125" name="AppiumTestCases.SearchTest" tests="1" failures="0" timestamp="2020-07-07T17:33:53 IST" time="5.399" errors="0">
  <testcase name="searchUserByNameByExcel" time="5.399" classname="AppiumTestCases.SearchTest"/>
  <system-out/>
</testsuite> <!-- AppiumTestCases.SearchTest -->
