<?xml version="1.0" encoding="UTF-8"?>
<!-- Generated by org.testng.reporters.JUnitReportReporter -->
<testsuite skipped="0" hostname="HIGURL71125" name="APITestCases.GetUsers" tests="1" failures="0" timestamp="2020-07-07T15:25:01 IST" time="0.523" errors="0">
  <testcase name="getAllUsers" time="0.523" classname="APITestCases.GetUsers"/>
  <system-out/>
</testsuite> <!-- APITestCases.GetUsers -->
