<?xml version="1.0" encoding="UTF-8"?>
<!-- Generated by org.testng.reporters.JUnitReportReporter -->
<testsuite skipped="0" hostname="HIBACL56898" name="framework.SearchTest" tests="1" failures="0" timestamp="2020-07-03T12:23:28 IST" time="2.812" errors="0">
  <testcase name="searchUserByNameByExcel" time="2.812" classname="framework.SearchTest"/>
</testsuite> <!-- framework.SearchTest -->
