<?xml version="1.0" encoding="UTF-8"?>
<!-- Generated by org.testng.reporters.JUnitReportReporter -->
<testsuite skipped="0" hostname="HIGURL71125" name="APITestCases.GetUser" tests="1" failures="0" timestamp="2020-07-07T15:25:01 IST" time="3.613" errors="0">
  <testcase name="getUser" time="3.613" classname="APITestCases.GetUser"/>
  <system-out/>
</testsuite> <!-- APITestCases.GetUser -->
