<?xml version="1.0" encoding="UTF-8"?>
<!-- Generated by org.testng.reporters.JUnitReportReporter -->
<testsuite skipped="0" hostname="HIBACL56898" name="AppiumTestCases.SearchTest" tests="1" failures="0" timestamp="2020-07-03T19:20:26 IST" time="3.195" errors="0">
  <testcase name="searchUserByNameByExcel" time="3.195" classname="AppiumTestCases.SearchTest"/>
</testsuite> <!-- AppiumTestCases.SearchTest -->
